........ OPLUS OPS file extractor .......
.....................................................
Drag and drop the .ops file
.....................................................
"Reading file E:\\PROJ\\OnePlus_9_Global_OxygenOS_11.2.4.4\\lemonade_22_O.07_210412_repack\\lemonade_22_O.07_210412.ops"
ctor of 0x215b908
"Reading OPS file E:\\PROJ\\OnePlus_9_Global_OxygenOS_11.2.4.4\\lemonade_22_O.07_210412_repack\\lemonade_22_O.07_210412.ops\n"
===== Extracting config file =====

........ OPLUS OPS file extractor .......
.....................................................
Drag and drop the .ops file
.....................................................
"Reading file E:\\Programming\\MTKSecBootDisable\\OnePlus_9_Global_OxygenOS_11.2.4.4\\lemonade_22_O.07_210412_repack\\lemonade_22_O.07_210412.ops"
ctor of 0x21fb778
"Reading OPS file E:\\Programming\\MTKSecBootDisable\\OnePlus_9_Global_OxygenOS_11.2.4.4\\lemonade_22_O.07_210412_repack\\lemonade_22_O.07_210412.ops\n"
===== Extracting config file =====

Sector size: 
"4096"
===== Extracting MSM Download Tool info =====

"Applicant: "
"Unknown"
"ApplicantIP: "
"172.21.132.29"
"AutoDetectDDR: "
"false"
"BackupPart: "
"false"
"BuildTime: "
"1618243079"
"CarrierID: "
"0"
"CheckHwVersion: "
"false"
"CheckImage: "
"false"
"CheckProjectVersion: "
"false"
"CheckRfVersion: "
"false"
"ChipType: "
"1"
"DPPackingVer: "
"0"
"DefaultCleanFRP: "
"true"
"DelayStartTime: "
"0"
"FactoryID: "
"20853US"
"FrpPartitionLabel: "
"frp"
"GrowLastPartToFillDisk: "
"true"
"Hostname: "
"ubuntu-29"
"LogEnable: "
"false"
"LogPositionIndex: "
"-1"
"MemoryName: "
"ufs"
"MinToolVersion: "
"5.0.3"
"ModelVerifyHashToken: "
"6FD86B6DDD2B4A84706A55A13260FBA249E92B049A72BD42B7CC44EB015D2614"
"ModelVerifyPrjName: "
"0898dcd6"
"ModelVerifyRandom: "
"wwGdgDNzOIvdY4dB"
"ModelVerifyVersion: "
"2"
"NeedUsbDownload: "
"true"
"ParamVersion: "
"1"
"Project: "
"20853"
"RandomPadding: "
"dUqVFjAbLImfqU41eXwiFl2aPGv8VGb6lRcy9mZU3MAroEqSjnByYBYxPR3uie1R4bNDNvfOHpG314VirehNoDLDdM8J17i3i"
"SendIntranetFlag: "
"true"
"SkipCheckHWVerByCustFlag: "
"false"
"SkipImgSHA256Check: "
"false"
"SkipParamProcess: "
"false"
"SupportHwID: "
"true"
"SupportPrjID: "
"true"
"SupportRfID: "
"true"
"TargetName: "
"SM8350"
"UseGPT: "
"true"
"Version: "
"lemonade_22_O.07_210412"
===== Extracting ops partitions =====

"UnpackByID [prog_firehose_lite.elf](ef800)... "
Extracting[prog_firehose_lite.elf](0/0B/S)...
Ok
"UnpackByID [prog_firehose_ddr.elf](ee800)... "
Extracting[prog_firehose_ddr.elf](100/8.63KB/S)...
Ok
"UnpackByID [provision_samsung.xml](e00)... "
Extracting[provision_samsung.xml](62372/10B/S)...
Ok
"UnpackByID [provision_toshiba.xml](a00)... "
Extracting[provision_toshiba.xml](78900/10B/S)...
Ok
"UnpackByID [provision_sandisk.xml](a00)... "
Extracting[provision_sandisk.xml](79003/10B/S)...
Ok
"UnpackByID [provision_hynix.xml](a00)... "
Extracting[provision_hynix.xml](79106/10B/S)...
Ok
"UnpackByID [param.bin](100000)... "
Extracting[param.bin](187/10B/S)...
Ok
"UnpackByID [persist.img](2000000)... "
Extracting[persist.img](8/191.86MB/S)...
Extracting[persist.img](8/2.56MB/S)...
Ok
"UnpackByID [misc.bin](100000)... "
Extracting[misc.bin](3487/8,719.48MB/S)...
Ok
"UnpackByID [frp.bin](80000)... "
Extracting[frp.bin](7175/10B/S)...
Ok
"UnpackByID [oem_stanvbk.bin](8c2200)... "
Extracting[oem_stanvbk.bin](415/7,275.59MB/S)...
Ok
"UnpackByID [carrier.img](b200)... "
Extracting[carrier.img](104867/10B/S)...
Ok
"UnpackByID [opluslog.img](20200)... "
Extracting[opluslog.img](36102/10B/S)...
Ok
"UnpackByID [persist.img](2000000)... "
Extracting[persist.img](141/2,384.48MB/S)...
Extracting[persist.img](141/40.63MB/S)...
Ok
"UnpackByID [vbmeta_system.img](1000)... "
Extracting[vbmeta_system.img](1.97901e+06/10B/S)...
Ok
"UnpackByID [vbmeta_vendor.img](10000)... "
Extracting[vbmeta_vendor.img](123694/10B/S)...
Ok
"UnpackByID [metadata.img](1000000)... "
Extracting[metadata.img](483/7,033.78MB/S)...
Ok
"UnpackByID [super.img](16b568200)... "
Extracting[super.img](1/7,780.97MB/S)...
Extracting[super.img](1/86.54MB/S)...
Extracting[super.img](1/43.51MB/S)...
Extracting[super.img](1/28.86MB/S)...
Extracting[super.img](1/21.71MB/S)...
Extracting[super.img](1/17.37MB/S)...
Extracting[super.img](1/14.48MB/S)...
Extracting[super.img](1/12.38MB/S)...
Extracting[super.img](1/10.80MB/S)...
Extracting[super.img](1/9.61MB/S)...
Extracting[super.img](1/8.66MB/S)...
Extracting[super.img](1/7.84MB/S)...
Extracting[super.img](1/7.18MB/S)...
Extracting[super.img](1/6.63MB/S)...
Extracting[super.img](1/6.16MB/S)...
Extracting[super.img](1/5.75MB/S)...
Extracting[super.img](1/5.39MB/S)...
Extracting[super.img](1/5.07MB/S)...
Extracting[super.img](1/4.79MB/S)...
Extracting[super.img](1/4.54MB/S)...
Extracting[super.img](1/4.31MB/S)...
Extracting[super.img](1/4.10MB/S)...
Extracting[super.img](1/3.92MB/S)...
Extracting[super.img](1/3.75MB/S)...
Extracting[super.img](1/3.59MB/S)...
Extracting[super.img](1/3.45MB/S)...
Extracting[super.img](1/3.32MB/S)...
Extracting[super.img](1/3.20MB/S)...
Extracting[super.img](1/3.08MB/S)...
Extracting[super.img](1/2.97MB/S)...
Extracting[super.img](1/2.87MB/S)...
Extracting[super.img](1/2.78MB/S)...
Extracting[super.img](1/2.69MB/S)...
Extracting[super.img](1/2.61MB/S)...
Extracting[super.img](1/2.54MB/S)...
Extracting[super.img](1/2.46MB/S)...
Extracting[super.img](1/2.40MB/S)...
Extracting[super.img](1/2.33MB/S)...
Extracting[super.img](1/2.27MB/S)...
Extracting[super.img](1/2.21MB/S)...
Extracting[super.img](1/2.15MB/S)...
Extracting[super.img](1/2.10MB/S)...
Extracting[super.img](1/2.05MB/S)...
Extracting[super.img](1/2.00MB/S)...
Extracting[super.img](1/1.96MB/S)...
Extracting[super.img](1/1.91MB/S)...
Extracting[super.img](1/1.87MB/S)...
Extracting[super.img](1/1.83MB/S)...
Extracting[super.img](1/1.79MB/S)...
Extracting[super.img](1/1.76MB/S)...
Extracting[super.img](1/1.72MB/S)...
Extracting[super.img](1/1.69MB/S)...
Extracting[super.img](1/1.66MB/S)...
Extracting[super.img](1/1.62MB/S)...
Extracting[super.img](1/1.59MB/S)...
Extracting[super.img](1/1.57MB/S)...
Extracting[super.img](1/1.54MB/S)...
Extracting[super.img](1/1.51MB/S)...
Extracting[super.img](1/1.48MB/S)...
Extracting[super.img](1/1.46MB/S)...
Extracting[super.img](1/1.43MB/S)...
Extracting[super.img](1/1.41MB/S)...
Extracting[super.img](1/1.39MB/S)...
Extracting[super.img](1/1.37MB/S)...
Extracting[super.img](1/1.35MB/S)...
Extracting[super.img](1/1.32MB/S)...
Extracting[super.img](1/1.31MB/S)...
Extracting[super.img](1/1.29MB/S)...
Extracting[super.img](1/1.27MB/S)...
Extracting[super.img](1/1.25MB/S)...
Extracting[super.img](1/1.23MB/S)...
Extracting[super.img](1/1.21MB/S)...
Extracting[super.img](1/1.20MB/S)...
Extracting[super.img](1/1.18MB/S)...
Extracting[super.img](1/1.16MB/S)...
Extracting[super.img](1/1.15MB/S)...
Extracting[super.img](1/1.13MB/S)...
Extracting[super.img](1/1.11MB/S)...
Extracting[super.img](1/1.10MB/S)...
Extracting[super.img](1/1.09MB/S)...
Extracting[super.img](1/1.07MB/S)...
Extracting[super.img](1/1.06MB/S)...
Extracting[super.img](1/1.05MB/S)...
Extracting[super.img](1/1.03MB/S)...
Extracting[super.img](1/1.02MB/S)...
Extracting[super.img](1/1.01MB/S)...
Extracting[super.img](1/1,021.64KB/S)...
Extracting[super.img](1/1,009.90KB/S)...
Extracting[super.img](1/998.44KB/S)...
Extracting[super.img](1/987.18KB/S)...
Extracting[super.img](1/976.43KB/S)...
Extracting[super.img](1/965.76KB/S)...
Extracting[super.img](1/955.16KB/S)...
Extracting[super.img](1/945.05KB/S)...
Extracting[super.img](1/935.03KB/S)...
Extracting[super.img](1/925.21KB/S)...
Extracting[super.img](1/915.78KB/S)...
Extracting[super.img](1/906.53KB/S)...
Extracting[super.img](1/897.22KB/S)...
Extracting[super.img](1/888.38KB/S)...
Extracting[super.img](1/879.58KB/S)...
Extracting[super.img](1/870.80KB/S)...
Extracting[super.img](1/862.38KB/S)...
Extracting[super.img](1/853.97KB/S)...
Extracting[super.img](1/845.82KB/S)...
Extracting[super.img](1/837.69KB/S)...
Extracting[super.img](1/829.87KB/S)...
Extracting[super.img](1/822.09KB/S)...
Extracting[super.img](1/814.44KB/S)...
Extracting[super.img](1/806.97KB/S)...
Extracting[super.img](1/799.46KB/S)...
Extracting[super.img](1/792.31KB/S)...
Extracting[super.img](1/785.26KB/S)...
Extracting[super.img](1/778.26KB/S)...
Extracting[super.img](1/771.42KB/S)...
Extracting[super.img](1/764.67KB/S)...
Extracting[super.img](1/758.16KB/S)...
Extracting[super.img](1/751.77KB/S)...
Extracting[super.img](1/745.41KB/S)...
Extracting[super.img](1/739.22KB/S)...
Extracting[super.img](1/733.15KB/S)...
Extracting[super.img](1/727.11KB/S)...
Extracting[super.img](1/721.21KB/S)...
Extracting[super.img](1/715.43KB/S)...
Extracting[super.img](1/709.50KB/S)...
Extracting[super.img](1/703.79KB/S)...
Extracting[super.img](1/698.33KB/S)...
Extracting[super.img](1/692.93KB/S)...
Extracting[super.img](1/687.63KB/S)...
Extracting[super.img](1/682.33KB/S)...
Extracting[super.img](1/677.16KB/S)...
Extracting[super.img](1/672.09KB/S)...
Extracting[super.img](1/667.07KB/S)...
Extracting[super.img](1/662.06KB/S)...
Extracting[super.img](1/657.21KB/S)...
Extracting[super.img](1/652.45KB/S)...
Extracting[super.img](1/647.69KB/S)...
Extracting[super.img](1/642.96KB/S)...
Extracting[super.img](1/638.37KB/S)...
Extracting[super.img](1/633.86KB/S)...
Extracting[super.img](1/629.41KB/S)...
Extracting[super.img](1/625.00KB/S)...
Extracting[super.img](1/620.66KB/S)...
Extracting[super.img](1/616.35KB/S)...
Extracting[super.img](1/612.15KB/S)...
Extracting[super.img](1/607.96KB/S)...
Extracting[super.img](1/603.89KB/S)...
Extracting[super.img](1/599.85KB/S)...
Extracting[super.img](1/595.87KB/S)...
Extracting[super.img](1/591.90KB/S)...
Extracting[super.img](1/588.04KB/S)...
Extracting[super.img](1/584.15KB/S)...
Extracting[super.img](1/580.34KB/S)...
Extracting[super.img](1/576.58KB/S)...
Extracting[super.img](1/572.87KB/S)...
Extracting[super.img](1/569.19KB/S)...
Extracting[super.img](1/563.29KB/S)...
Extracting[super.img](1/559.66KB/S)...
Extracting[super.img](1/556.01KB/S)...
Extracting[super.img](1/552.56KB/S)...
Extracting[super.img](1/549.17KB/S)...
Extracting[super.img](1/545.80KB/S)...
Extracting[super.img](1/542.45KB/S)...
Extracting[super.img](1/539.09KB/S)...
Extracting[super.img](1/535.85KB/S)...
Extracting[super.img](1/532.67KB/S)...
Extracting[super.img](1/529.48KB/S)...
Extracting[super.img](1/526.30KB/S)...
Extracting[super.img](1/523.16KB/S)...
Extracting[super.img](1/520.04KB/S)...
Extracting[super.img](1/516.88KB/S)...
Extracting[super.img](1/513.85KB/S)...
Extracting[super.img](1/510.91KB/S)...
Extracting[super.img](1/508.00KB/S)...
Extracting[super.img](1/505.05KB/S)...
Extracting[super.img](1/502.13KB/S)...
Extracting[super.img](1/499.15KB/S)...
Extracting[super.img](1/496.36KB/S)...
Extracting[super.img](1/493.55KB/S)...
Extracting[super.img](1/490.82KB/S)...
Extracting[super.img](1/488.10KB/S)...
Extracting[super.img](1/485.46KB/S)...
Extracting[super.img](1/482.75KB/S)...
Extracting[super.img](1/480.14KB/S)...
Extracting[super.img](1/477.56KB/S)...
Extracting[super.img](1/475.00KB/S)...
Extracting[super.img](1/472.33KB/S)...
Extracting[super.img](1/469.82KB/S)...
Extracting[super.img](1/467.30KB/S)...
Extracting[super.img](1/464.84KB/S)...
Extracting[super.img](1/462.42KB/S)...
Extracting[super.img](1/459.98KB/S)...
Extracting[super.img](1/457.56KB/S)...
Extracting[super.img](1/455.19KB/S)...
Extracting[super.img](1/452.85KB/S)...
Extracting[super.img](1/450.51KB/S)...
Extracting[super.img](1/448.24KB/S)...
Extracting[super.img](1/446.01KB/S)...
Extracting[super.img](1/443.78KB/S)...
Extracting[super.img](1/441.58KB/S)...
Extracting[super.img](1/439.40KB/S)...
Extracting[super.img](1/437.24KB/S)...
Extracting[super.img](1/435.05KB/S)...
Extracting[super.img](1/432.94KB/S)...
Extracting[super.img](1/430.81KB/S)...
Extracting[super.img](1/428.77KB/S)...
Extracting[super.img](1/426.74KB/S)...
Extracting[super.img](1/424.66KB/S)...
Extracting[super.img](1/422.63KB/S)...
Extracting[super.img](1/420.62KB/S)...
Extracting[super.img](1/418.62KB/S)...
Extracting[super.img](1/416.69KB/S)...
Extracting[super.img](1/414.78KB/S)...
Extracting[super.img](1/412.82KB/S)...
Extracting[super.img](1/410.89KB/S)...
Extracting[super.img](1/409.02KB/S)...
Extracting[super.img](1/407.12KB/S)...
Extracting[super.img](1/405.27KB/S)...
Extracting[super.img](1/403.46KB/S)...
Extracting[super.img](1/401.64KB/S)...
Extracting[super.img](1/399.81KB/S)...
Extracting[super.img](1/398.04KB/S)...
Extracting[super.img](1/396.29KB/S)...
Extracting[super.img](1/394.54KB/S)...
Extracting[super.img](1/392.76KB/S)...
Extracting[super.img](1/391.04KB/S)...
Extracting[super.img](1/389.28KB/S)...
Extracting[super.img](1/387.59KB/S)...
Extracting[super.img](1/385.92KB/S)...
Extracting[super.img](1/384.25KB/S)...
Extracting[super.img](1/382.62KB/S)...
Extracting[super.img](1/381.00KB/S)...
Extracting[super.img](1/379.36KB/S)...
Extracting[super.img](1/377.74KB/S)...
Extracting[super.img](1/376.16KB/S)...
Extracting[super.img](1/374.60KB/S)...
Extracting[super.img](1/373.00KB/S)...
Extracting[super.img](1/371.45KB/S)...
Extracting[super.img](1/369.45KB/S)...
Extracting[super.img](1/367.95KB/S)...
Extracting[super.img](1/366.47KB/S)...
Extracting[super.img](1/364.98KB/S)...
Extracting[super.img](1/363.50KB/S)...
Extracting[super.img](1/362.03KB/S)...
Extracting[super.img](1/360.55KB/S)...
Extracting[super.img](1/359.11KB/S)...
Extracting[super.img](1/357.69KB/S)...
Extracting[super.img](1/356.26KB/S)...
Extracting[super.img](1/354.84KB/S)...
Extracting[super.img](1/353.44KB/S)...
Extracting[super.img](1/352.06KB/S)...
Extracting[super.img](1/350.69KB/S)...
Extracting[super.img](1/349.30KB/S)...
Extracting[super.img](1/347.95KB/S)...
Extracting[super.img](1/346.61KB/S)...
Extracting[super.img](1/345.26KB/S)...
Extracting[super.img](1/343.93KB/S)...
Extracting[super.img](1/342.63KB/S)...
Extracting[super.img](1/341.31KB/S)...
Extracting[super.img](1/340.00KB/S)...
Extracting[super.img](1/338.68KB/S)...
Extracting[super.img](1/337.39KB/S)...
Extracting[super.img](1/336.10KB/S)...
Extracting[super.img](1/334.83KB/S)...
Extracting[super.img](1/333.54KB/S)...
Extracting[super.img](1/332.30KB/S)...
Extracting[super.img](1/331.04KB/S)...
Extracting[super.img](1/329.83KB/S)...
Extracting[super.img](1/328.64KB/S)...
Extracting[super.img](1/327.43KB/S)...
Extracting[super.img](1/326.20KB/S)...
Extracting[super.img](1/325.03KB/S)...
Extracting[super.img](1/323.85KB/S)...
Extracting[super.img](1/322.68KB/S)...
Extracting[super.img](1/321.51KB/S)...
Extracting[super.img](1/320.36KB/S)...
Extracting[super.img](1/319.21KB/S)...
Extracting[super.img](1/318.06KB/S)...
Extracting[super.img](1/316.91KB/S)...
Extracting[super.img](1/315.37KB/S)...
Extracting[super.img](1/314.27KB/S)...
Extracting[super.img](1/313.16KB/S)...
Extracting[super.img](1/312.05KB/S)...
Extracting[super.img](1/310.96KB/S)...
Extracting[super.img](1/309.87KB/S)...
Extracting[super.img](1/308.81KB/S)...
Extracting[super.img](1/307.73KB/S)...
Extracting[super.img](1/306.69KB/S)...
Extracting[super.img](1/305.63KB/S)...
Extracting[super.img](1/304.56KB/S)...
Extracting[super.img](1/303.53KB/S)...
Extracting[super.img](1/302.51KB/S)...
Extracting[super.img](1/301.46KB/S)...
Extracting[super.img](1/300.47KB/S)...
Extracting[super.img](1/299.43KB/S)...
Extracting[super.img](1/298.42KB/S)...
Extracting[super.img](1/297.43KB/S)...
Extracting[super.img](1/296.46KB/S)...
Extracting[super.img](1/295.45KB/S)...
Extracting[super.img](1/294.48KB/S)...
Extracting[super.img](1/293.48KB/S)...
Extracting[super.img](1/292.51KB/S)...
Extracting[super.img](1/291.57KB/S)...
Extracting[super.img](1/290.62KB/S)...
Extracting[super.img](1/289.66KB/S)...
Extracting[super.img](1/288.73KB/S)...
Extracting[super.img](1/287.79KB/S)...
Extracting[super.img](1/286.86KB/S)...
Extracting[super.img](1/285.94KB/S)...
Extracting[super.img](1/285.02KB/S)...
Extracting[super.img](1/284.10KB/S)...
Extracting[super.img](1/283.19KB/S)...
Extracting[super.img](1/282.31KB/S)...
Extracting[super.img](1/281.41KB/S)...
Extracting[super.img](1/280.53KB/S)...
Extracting[super.img](1/279.67KB/S)...
Extracting[super.img](1/278.64KB/S)...
Extracting[super.img](1/277.43KB/S)...
Extracting[super.img](1/276.29KB/S)...
Extracting[super.img](1/275.18KB/S)...
Extracting[super.img](1/273.98KB/S)...
Extracting[super.img](1/272.80KB/S)...
Extracting[super.img](1/271.63KB/S)...
Extracting[super.img](1/270.59KB/S)...
Extracting[super.img](1/269.49KB/S)...
Extracting[super.img](1/268.24KB/S)...
Extracting[super.img](1/267.10KB/S)...
Extracting[super.img](1/265.60KB/S)...
Extracting[super.img](1/264.54KB/S)...
Extracting[super.img](1/263.50KB/S)...
Extracting[super.img](1/262.51KB/S)...
Extracting[super.img](1/261.47KB/S)...
Extracting[super.img](1/260.41KB/S)...
Extracting[super.img](1/259.40KB/S)...
Extracting[super.img](1/257.98KB/S)...
Extracting[super.img](1/256.95KB/S)...
Extracting[super.img](1/255.78KB/S)...
Extracting[super.img](1/254.82KB/S)...
Extracting[super.img](1/253.84KB/S)...
Extracting[super.img](1/252.69KB/S)...
Extracting[super.img](1/251.72KB/S)...
Extracting[super.img](1/250.77KB/S)...
Extracting[super.img](1/249.85KB/S)...
Extracting[super.img](1/248.90KB/S)...
Extracting[super.img](1/247.84KB/S)...
Extracting[super.img](1/246.56KB/S)...
Extracting[super.img](1/245.62KB/S)...
